0 verbose cli C:\Program Files\nodejs\node.exe C:\Users\Daniel Bar\AppData\Roaming\npm\node_modules\npm\bin\npm-cli.js
1 info using npm@8.6.0
2 info using node@v16.14.0
3 timing npm:load:whichnode Completed in 0ms
4 timing config:load:defaults Completed in 1ms
5 timing config:load:file:C:\Users\Daniel Bar\AppData\Roaming\npm\node_modules\npm\npmrc Completed in 2ms
6 timing config:load:builtin Completed in 3ms
7 timing config:load:cli Completed in 1ms
8 timing config:load:env Completed in 1ms
9 timing config:load:file:C:\Users\Daniel Bar\Desktop\Code\vinyl\.npmrc Completed in 0ms
10 timing config:load:project Completed in 5ms
11 timing config:load:file:C:\Users\Daniel Bar\.npmrc Completed in 1ms
12 timing config:load:user Completed in 1ms
13 timing config:load:file:C:\Users\Daniel Bar\AppData\Roaming\npm\etc\npmrc Completed in 1ms
14 timing config:load:global Completed in 1ms
15 timing config:load:validate Completed in 0ms
16 timing config:load:credentials Completed in 1ms
17 timing config:load:setEnvs Completed in 1ms
18 timing config:load Completed in 15ms
19 timing npm:load:configload Completed in 16ms
20 timing npm:load:mkdirpcache Completed in 1ms
21 timing npm:load:mkdirplogs Completed in 1ms
22 verbose title npm exec cz
23 verbose argv "exec" "--" "cz"
24 timing npm:load:setTitle Completed in 1ms
25 timing config:load:flatten Completed in 2ms
26 timing npm:load:display Completed in 3ms
27 verbose logfile logs-max:10 dir:C:\Users\Daniel Bar\Desktop\Code\vinyl\_logs
28 verbose logfile C:\Users\Daniel Bar\Desktop\Code\vinyl\_logs\2022-04-08T17_36_28_370Z-debug-0.log
29 timing npm:load:logFile Completed in 6ms
30 timing npm:load:timers Completed in 1ms
31 timing npm:load:configScope Completed in 0ms
32 timing npm:load Completed in 29ms
33 silly logfile start cleaning logs, removing 2 files
34 silly logfile done cleaning log files
35 timing command:exec Completed in 37867ms
36 verbose exit 1
37 timing npm Completed in 38001ms
38 verbose code 1
