0 verbose cli C:\Program Files\nodejs\node.exe C:\Users\Daniel Bar\AppData\Roaming\npm\node_modules\npm\bin\npm-cli.js
1 info using npm@8.6.0
2 info using node@v16.14.0
3 timing npm:load:whichnode Completed in 0ms
4 timing config:load:defaults Completed in 2ms
5 timing config:load:file:C:\Users\Daniel Bar\AppData\Roaming\npm\node_modules\npm\npmrc Completed in 4ms
6 timing config:load:builtin Completed in 4ms
7 timing config:load:cli Completed in 3ms
8 timing config:load:env Completed in 1ms
9 timing config:load:file:C:\Users\Daniel Bar\Desktop\Code\vinyl\.npmrc Completed in 0ms
10 timing config:load:project Completed in 8ms
11 timing config:load:file:C:\Users\Daniel Bar\.npmrc Completed in 1ms
12 timing config:load:user Completed in 1ms
13 timing config:load:file:C:\Users\Daniel Bar\AppData\Roaming\npm\etc\npmrc Completed in 0ms
14 timing config:load:global Completed in 1ms
15 timing config:load:validate Completed in 1ms
16 timing config:load:credentials Completed in 0ms
17 timing config:load:setEnvs Completed in 2ms
18 timing config:load Completed in 24ms
19 timing npm:load:configload Completed in 24ms
20 timing npm:load:mkdirpcache Completed in 1ms
21 timing npm:load:mkdirplogs Completed in 1ms
22 verbose title npm exec cz
23 verbose argv "exec" "--" "cz"
24 timing npm:load:setTitle Completed in 1ms
25 timing config:load:flatten Completed in 2ms
26 timing npm:load:display Completed in 4ms
27 verbose logfile logs-max:10 dir:C:\Users\Daniel Bar\Desktop\Code\vinyl\_logs
28 verbose logfile C:\Users\Daniel Bar\Desktop\Code\vinyl\_logs\2022-04-09T17_24_52_476Z-debug-0.log
29 timing npm:load:logFile Completed in 6ms
30 timing npm:load:timers Completed in 0ms
31 timing npm:load:configScope Completed in 0ms
32 timing npm:load Completed in 39ms
33 silly logfile done cleaning log files
34 timing command:exec Completed in 22754ms
35 verbose exit 0
36 timing npm Completed in 22906ms
37 info ok
